0 info it worked if it ends with ok
1 verbose cli [ '/usr/bin/nodejs',
1 verbose cli   '/usr/bin/npm',
1 verbose cli   'install',
1 verbose cli   '--save',
1 verbose cli   'bootstrap@3' ]
2 info using npm@1.3.10
3 info using node@v0.10.25
4 verbose cache add [ 'bootstrap@3', null ]
5 verbose cache add name=undefined spec="bootstrap@3" args=["bootstrap@3",null]
6 verbose parsed url { protocol: null,
6 verbose parsed url   slashes: null,
6 verbose parsed url   auth: null,
6 verbose parsed url   host: null,
6 verbose parsed url   port: null,
6 verbose parsed url   hostname: null,
6 verbose parsed url   hash: null,
6 verbose parsed url   search: null,
6 verbose parsed url   query: null,
6 verbose parsed url   pathname: 'bootstrap@3',
6 verbose parsed url   path: 'bootstrap@3',
6 verbose parsed url   href: 'bootstrap@3' }
7 verbose cache add name="bootstrap" spec="3" args=["bootstrap","3"]
8 verbose parsed url { protocol: null,
8 verbose parsed url   slashes: null,
8 verbose parsed url   auth: null,
8 verbose parsed url   host: null,
8 verbose parsed url   port: null,
8 verbose parsed url   hostname: null,
8 verbose parsed url   hash: null,
8 verbose parsed url   search: null,
8 verbose parsed url   query: null,
8 verbose parsed url   pathname: '3',
8 verbose parsed url   path: '3',
8 verbose parsed url   href: '3' }
9 verbose addNamed [ 'bootstrap', '3' ]
10 verbose addNamed [ null, '>=3.0.0-0 <4.0.0-0' ]
11 silly lockFile 2e484547-bootstrap-3 bootstrap@3
12 verbose lock bootstrap@3 /home/ricyang/.npm/2e484547-bootstrap-3.lock
13 silly addNameRange { name: 'bootstrap',
13 silly addNameRange   range: '>=3.0.0-0 <4.0.0-0',
13 silly addNameRange   hasData: false }
14 verbose url raw bootstrap
15 verbose url resolving [ 'https://registry.npmjs.org/', './bootstrap' ]
16 verbose url resolved https://registry.npmjs.org/bootstrap
17 info trying registry request attempt 1 at 20:15:28
18 http GET https://registry.npmjs.org/bootstrap
19 info retry will retry, error on last attempt: Error: tunneling socket could not be established, cause=socket hang up
20 info trying registry request attempt 2 at 20:15:39
21 http GET https://registry.npmjs.org/bootstrap
22 info retry will retry, error on last attempt: Error: tunneling socket could not be established, cause=socket hang up
23 info trying registry request attempt 3 at 20:16:39
24 http GET https://registry.npmjs.org/bootstrap
25 silly lockFile 2e484547-bootstrap-3 bootstrap@3
26 silly lockFile 2e484547-bootstrap-3 bootstrap@3
27 error network tunneling socket could not be established, cause=socket hang up
27 error network This is most likely not a problem with npm itself
27 error network and is related to network connectivity.
27 error network In most cases you are behind a proxy or have bad network settings.
27 error network
27 error network If you are behind a proxy, please make sure that the
27 error network 'proxy' config is set properly.  See: 'npm help config'
28 error System Linux 3.13.0-92-generic
29 error command "/usr/bin/nodejs" "/usr/bin/npm" "install" "--save" "bootstrap@3"
30 error cwd /home/ricyang/source/df/src/main/webapp
31 error node -v v0.10.25
32 error npm -v 1.3.10
33 error code ECONNRESET
34 verbose exit [ 1, true ]
